[2025-10-21 20:50:05] === Deploy script started ===
[2025-10-21 20:50:05] Collecting parameters from user...
[2025-10-21 20:50:09] Repo URL: https://github.com/dejinassar/hng13-stage1-devops
[2025-10-21 20:50:11] No PAT provided (assuming SSH key auth or public repo)
[2025-10-21 20:50:12] Branch: main
[2025-10-21 20:50:15] SSH user: ubuntu
[2025-10-21 20:50:25] SSH host: 54.226.1.44
[2025-10-21 20:50:54] SSH key path: /home/ibrocoded/Downloads/hng13-key.pem
[2025-10-21 20:50:58] Application port: 5000
[2025-10-21 20:50:58] ----- Configuration Summary -----
[2025-10-21 20:50:58] Repository: https://github.com/dejinassar/hng13-stage1-devops
[2025-10-21 20:50:58] Branch: main
[2025-10-21 20:50:58] SSH: ubuntu@54.226.1.44
[2025-10-21 20:50:58] SSH key: /home/ibrocoded/Downloads/hng13-key.pem
[2025-10-21 20:50:58] App port: 5000
[2025-10-21 20:50:58] Log file: deploy_20251021_205005.log
[2025-10-21 20:50:58] ---------------------------------
[2025-10-21 20:50:58] Step 1 complete: parameters collected and validated.
[2025-10-21 20:50:58] === STEP 2: Cloning repository ===
[2025-10-21 20:50:58] Repository already exists locally. Pulling latest changes...
