[2025-10-21 21:29:37] === Deploy script started ===
[2025-10-21 21:29:37] Collecting parameters from user...
[2025-10-21 21:29:48] Repo URL: https://github.com/dejinassar/hng13-stage1-devops/tree/main/hng13-devops-stage1
[2025-10-21 21:29:49] No PAT provided (assuming SSH key auth or public repo)
[2025-10-21 21:29:50] Branch: main
[2025-10-21 21:29:53] SSH user: ubuntu
[2025-10-21 21:30:02] SSH host: 54.226.1.44
[2025-10-21 21:30:14] SSH key path: /home/ibrocoded/Downloads/hng13-key.pem
[2025-10-21 21:30:16] Application port: 5000
[2025-10-21 21:30:16] ----- Configuration Summary -----
[2025-10-21 21:30:16] Repository: https://github.com/dejinassar/hng13-stage1-devops/tree/main/hng13-devops-stage1
[2025-10-21 21:30:16] Branch: main
[2025-10-21 21:30:17] SSH: ubuntu@54.226.1.44
[2025-10-21 21:30:17] SSH key: /home/ibrocoded/Downloads/hng13-key.pem
[2025-10-21 21:30:17] App port: 5000
[2025-10-21 21:30:17] Log file: deploy_20251021_212937.log
[2025-10-21 21:30:17] ---------------------------------
[2025-10-21 21:30:17] Step 1 complete: parameters collected and validated.
[2025-10-21 21:30:17] === STEP 2: Cloning repository ===
[2025-10-21 21:30:17] Cloning via SSH/HTTPS (no PAT provided)...
ERROR: Git clone failed
