[2025-10-21 21:31:38] === Deploy script started ===
[2025-10-21 21:31:38] Collecting parameters from user...
[2025-10-21 21:31:56] Repo URL: https://github.com/dejinassar/hng13-stage1-devops
[2025-10-21 21:31:57] No PAT provided (assuming SSH key auth or public repo)
[2025-10-21 21:31:58] Branch: main
[2025-10-21 21:32:02] SSH user: ubuntu
[2025-10-21 21:32:15] SSH host: 54.226.1.44
[2025-10-21 21:32:23] SSH key path: /home/ibrocoded/Downloads/hng13-key.pem
[2025-10-21 21:32:26] Application port: 5000
[2025-10-21 21:32:26] ----- Configuration Summary -----
[2025-10-21 21:32:26] Repository: https://github.com/dejinassar/hng13-stage1-devops
[2025-10-21 21:32:26] Branch: main
[2025-10-21 21:32:26] SSH: ubuntu@54.226.1.44
[2025-10-21 21:32:26] SSH key: /home/ibrocoded/Downloads/hng13-key.pem
[2025-10-21 21:32:26] App port: 5000
[2025-10-21 21:32:26] Log file: deploy_20251021_213138.log
[2025-10-21 21:32:26] ---------------------------------
[2025-10-21 21:32:26] Step 1 complete: parameters collected and validated.
[2025-10-21 21:32:26] === STEP 2: Cloning repository ===
[2025-10-21 21:32:26] Repository already exists locally. Pulling latest changes...
