[2025-10-21 20:39:00] === Deploy script started ===
[2025-10-21 20:39:00] Collecting parameters from user...
[2025-10-21 20:39:11] Repo URL: https://github.com/dejinassar/hng13-stage1-devops
[2025-10-21 20:39:13] No PAT provided (assuming SSH key auth or public repo)
[2025-10-21 20:39:15] Branch: main
[2025-10-21 20:39:22] SSH user: ubuntu
[2025-10-21 20:39:34] SSH host: 54.226.1.44
[2025-10-21 20:39:48] SSH key path: /home/ibrocoded/Downloads/hng13-key.pem
[2025-10-21 20:39:51] Application port: 5000
[2025-10-21 20:39:51] ----- Configuration Summary -----
[2025-10-21 20:39:51] Repository: https://github.com/dejinassar/hng13-stage1-devops
[2025-10-21 20:39:51] Branch: main
[2025-10-21 20:39:51] SSH: ubuntu@54.226.1.44
[2025-10-21 20:39:51] SSH key: /home/ibrocoded/Downloads/hng13-key.pem
[2025-10-21 20:39:51] App port: 5000
[2025-10-21 20:39:51] Log file: deploy_20251021_203900.log
[2025-10-21 20:39:51] ---------------------------------
[2025-10-21 20:39:51] Step 1 complete: parameters collected and validated.
[2025-10-21 20:39:51] === STEP 2: Cloning repository ===
[2025-10-21 20:39:51] Cloning via SSH/HTTPS (no PAT provided)...
