[2025-10-21 21:46:09] === Deploy script started ===
[2025-10-21 21:46:09] Collecting parameters from user...
[2025-10-21 21:46:36] Repo URL: https://github.com/dejinassar/hng13-stage1-devops
[2025-10-21 21:46:38] No PAT provided (assuming SSH key auth or public repo)
[2025-10-21 21:46:39] Branch: main
[2025-10-21 21:46:41] SSH user: ubuntu
[2025-10-21 21:46:57] SSH host: 54.226.1.44
[2025-10-21 21:47:46] SSH key path: /home/ibrocoded/Downloads/hng13-key.pem
[2025-10-21 21:47:49] Application port: 5000
[2025-10-21 21:47:49] ----- Configuration Summary -----
[2025-10-21 21:47:49] Repository: https://github.com/dejinassar/hng13-stage1-devops
[2025-10-21 21:47:49] Branch: main
[2025-10-21 21:47:49] SSH: ubuntu@54.226.1.44
[2025-10-21 21:47:49] SSH key: /home/ibrocoded/Downloads/hng13-key.pem
[2025-10-21 21:47:49] App port: 5000
[2025-10-21 21:47:49] Log file: deploy_20251021_214609.log
[2025-10-21 21:47:49] ---------------------------------
[2025-10-21 21:47:49] Step 1 complete: parameters collected and validated.
[2025-10-21 21:47:49] === STEP 2: Cloning repository ===
[2025-10-21 21:47:49] Repository already exists locally. Pulling latest changes...
