[2025-10-21 21:00:37] === Deploy script started ===
[2025-10-21 21:00:37] Collecting parameters from user...
[2025-10-21 21:00:46] Repo URL: https://github.com/dejinassar/hng13-stage1-devops
[2025-10-21 21:00:47] No PAT provided (assuming SSH key auth or public repo)
[2025-10-21 21:00:48] Branch: main
[2025-10-21 21:00:52] SSH user: ubuntu
[2025-10-21 21:01:06] SSH host: 54.226.1.44
[2025-10-21 21:01:16] SSH key path: /home/ibrocoded/Downloads/hng13-key.pem
[2025-10-21 21:02:13] Application port: 5000
[2025-10-21 21:02:13] ----- Configuration Summary -----
[2025-10-21 21:02:13] Repository: https://github.com/dejinassar/hng13-stage1-devops
[2025-10-21 21:02:13] Branch: main
[2025-10-21 21:02:13] SSH: ubuntu@54.226.1.44
[2025-10-21 21:02:13] SSH key: /home/ibrocoded/Downloads/hng13-key.pem
[2025-10-21 21:02:13] App port: 5000
[2025-10-21 21:02:13] Log file: deploy_20251021_210037.log
[2025-10-21 21:02:13] ---------------------------------
[2025-10-21 21:02:13] Step 1 complete: parameters collected and validated.
[2025-10-21 21:02:13] === STEP 2: Cloning repository ===
[2025-10-21 21:02:13] Cloning via SSH/HTTPS (no PAT provided)...
